android/app/build/outputs/mapping/release/seeds.txt
io.flutter.embedding.engine.FlutterJNI: void nativeSetSemanticsEnabled(long,boolean)
androidx.lifecycle.Lifecycle$State: androidx.lifecycle.Lifecycle$State[] values()
io.flutter.embedding.engine.renderer.FlutterRenderer$ImageReaderSurfaceProducer: void pruneImageReaderQueue()
io.flutter.view.TextureRegistry$SurfaceProducer: int getWidth()
androidx.window.area.reflectionguard.WindowAreaComponentApi2Requirements: void startRearDisplaySession(android.app.Activity,androidx.window.extensions.core.util.function.Consumer)
androidx.media3.exoplayer.dash.DashMediaSource$Factory: DashMediaSource$Factory(androidx.media3.datasource.DataSource$Factory)
io.flutter.embedding.engine.renderer.SurfaceTextureWrapper: void attachToGLContext(int)
io.flutter.embedding.engine.FlutterJNI: void deferredComponentInstallFailure(int,java.lang.String,boolean)
androidx.window.area.reflectionguard.WindowAreaComponentApi3Requirements: void endRearDisplayPresentationSession()
android.support.v4.graphics.drawable.IconCompatParcelizer: androidx.core.graphics.drawable.IconCompat read(androidx.versionedparcelable.VersionedParcel)
androidx.window.area.reflectionguard.WindowAreaComponentApi3Requirements: void addRearDisplayPresentationStatusListener(androidx.window.extensions.core.util.function.Consumer)
io.flutter.embedding.engine.renderer.FlutterRenderer$ImageReaderSurfaceProducer: android.media.ImageReader createImageReader()
io.flutter.embedding.engine.FlutterJNI: void setRefreshRateFPS(float)
io.flutter.plugins.flutter_plugin_android_lifecycle.FlutterAndroidLifecyclePlugin: FlutterAndroidLifecyclePlugin()
android.support.v4.app.RemoteActionCompatParcelizer: RemoteActionCompatParcelizer()
io.flutter.embedding.engine.FlutterJNI: void updateCustomAccessibilityActions(java.nio.ByteBuffer,java.lang.String[])
androidx.core.graphics.drawable.IconCompat$Api28Impl: android.net.Uri getUri(java.lang.Object)
io.flutter.embedding.engine.FlutterJNI: void dispatchSemanticsAction(int,int,java.nio.ByteBuffer,int)
androidx.lifecycle.EmptyActivityLifecycleCallbacks: void onActivityPaused(android.app.Activity)
io.flutter.embedding.engine.renderer.FlutterRenderer$ImageReaderSurfaceProducer: int numImages()
io.flutter.embedding.engine.FlutterJNI: void prefetchDefaultFontManager()
io.flutter.embedding.engine.FlutterJNI: void nativeImageHeaderCallback(long,int,int)
io.flutter.view.AccessibilityViewEmbedder: android.view.View platformViewOfNode(int)
io.flutter.embedding.engine.FlutterJNI: void setPlatformMessageHandler(io.flutter.embedding.engine.dart.PlatformMessageHandler)
io.flutter.view.AccessibilityViewEmbedder: AccessibilityViewEmbedder(android.view.View,int)
io.flutter.view.TextureRegistry$SurfaceProducer: long id()
io.flutter.view.AccessibilityViewEmbedder: void setFlutterNodesTranslateBounds(android.view.accessibility.AccessibilityNodeInfo,android.graphics.Rect,android.view.accessibility.AccessibilityNodeInfo)
io.flutter.embedding.engine.renderer.FlutterRenderer$ImageReaderSurfaceProducer: long id()
io.flutter.embedding.engine.mutatorsstack.FlutterMutatorsStack: java.util.List getMutators()
io.flutter.embedding.engine.FlutterJNI: boolean isCodePointEmoji(int)
androidx.core.graphics.drawable.IconCompat$Api28Impl: int getResId(java.lang.Object)
io.flutter.view.TextureRegistry$SurfaceProducer: void scheduleFrame()
io.flutter.embedding.engine.renderer.FlutterRenderer$ImageReaderSurfaceProducer: double deltaMillis(long)
io.flutter.embedding.engine.FlutterJNI: boolean nativeFlutterTextUtilsIsEmoji(int)
androidx.media3.exoplayer.hls.HlsMediaSource$Factory: HlsMediaSource$Factory(androidx.media3.datasource.DataSource$Factory)
io.flutter.embedding.engine.FlutterJNI: void dispatchEmptyPlatformMessage(java.lang.String,int)
io.flutter.embedding.engine.FlutterJNI: void removeIsDisplayingFlutterUiListener(io.flutter.embedding.engine.renderer.FlutterUiDisplayListener)