android/app/build/outputs/mapping/release/mapping.txt
# compiler: R8
# compiler_version: 8.7.14
# min_api: 21
# common_typos_disable
# {"id":"com.android.tools.r8.mapping","version":"2.2"}
# pg_map_id: fbf261c
# pg_map_hash: SHA-256 fbf261c30293595a4074285339fe35b0dbfb0c5e495a298241a9e49fe7cfe158
...
androidx.media3.exoplayer.hls.HlsMediaSource$Factory -> androidx.media3.exoplayer.hls.HlsMediaSource$Factory:
# {"id":"sourceFile","fileName":"HlsMediaSource.java"}
    1:4:void <init>(androidx.media3.exoplayer.hls.HlsDataSourceFactory):161:161 -> <init>
    1:4:void <init>(androidx.media3.datasource.DataSource$Factory):141 -> <init>
      # {"id":"com.android.tools.r8.residualsignature","signature":"(Lg/a;)V"}
androidx.media3.exoplayer.rtsp.RtspMediaSource$Factory -> androidx.media3.exoplayer.rtsp.RtspMediaSource$Factory:
# {"id":"sourceFile","fileName":"RtspMediaSource.java"}
    1:3:void <init>():77:77 -> <init>
    4:7:void <init>():80:80 -> <init>
androidx.media3.exoplayer.smoothstreaming.SsMediaSource$Factory -> androidx.media3.exoplayer.smoothstreaming.SsMediaSource$Factory:
# {"id":"sourceFile","fileName":"SsMediaSource.java"}
    1:4:void <init>(androidx.media3.exoplayer.smoothstreaming.SsChunkSource$Factory,androidx.media3.datasource.DataSource$Factory):135:135 -> <init>
    1:4:void <init>(androidx.media3.datasource.DataSource$Factory):114 -> <init>
      # {"id":"com.android.tools.r8.residualsignature","signature":"(Lg/a;)V"}
androidx.profileinstaller.BenchmarkOperation$Api21ContextHelper -> R8$$REMOVED$$CLASS$$4:
# {"id":"sourceFile","fileName":"BenchmarkOperation.java"}
androidx.profileinstaller.BenchmarkOperation$Api24ContextHelper -> R8$$REMOVED$$CLASS$$5:
# {"id":"sourceFile","fileName":"BenchmarkOperation.java"}
androidx.profileinstaller.BenchmarkOperation$Api24ContextHelper$$ExternalSyntheticApiModelOutline0 -> h.a:
# {"id":"sourceFile","fileName":"R8$$SyntheticClass"}
# {"id":"com.android.tools.r8.synthesized"}
    1:1:int h.BenchmarkOperation$Api24ContextHelper$$ExternalSyntheticApiModelOutline0.m(android.view.accessibility.AccessibilityNodeInfo):0:0 -> a
      # {"id":"com.android.tools.r8.synthesized"}
    1:1:android.content.Context h.BenchmarkOperation$Api24ContextHelper$$ExternalSyntheticApiModelOutline0.m(android.content.Context):0:0 -> b
      # {"id":"com.android.tools.r8.synthesized"}
    1:1:void h.BenchmarkOperation$Api24ContextHelper$$ExternalSyntheticApiModelOutline0.m(android.view.accessibility.AccessibilityNodeInfo,int):0:0 -> c
      # {"id":"com.android.tools.r8.synthesized"}
    1:1:void h.BenchmarkOperation$Api24ContextHelper$$ExternalSyntheticApiModelOutline0.m(android.view.accessibility.AccessibilityNodeInfo,boolean):0:0 -> d
      # {"id":"com.android.tools.r8.synthesized"}
    1:1:boolean h.BenchmarkOperation$Api24ContextHelper$$ExternalSyntheticApiModelOutline0.m(android.view.accessibility.AccessibilityNodeInfo):0:0 -> e
      # {"id":"com.android.tools.r8.synthesized"}
androidx.profileinstaller.DeviceProfileWriter -> h.c:
# {"id":"sourceFile","fileName":"DeviceProfileWriter.java"}
    java.util.concurrent.Executor mExecutor -> a
    androidx.profileinstaller.ProfileInstaller$DiagnosticsCallback mDiagnostics -> b
      # {"id":"com.android.tools.r8.residualsignature","signature":"Lh/h;"}
    byte[] mDesiredVersion -> c
    java.io.File mCurProfile -> d
    java.lang.String mApkName -> e
    boolean mDeviceSupportsAotProfile -> f
    androidx.profileinstaller.DexProfileData[] mProfile -> g
      # {"id":"com.android.tools.r8.residualsignature","signature":"[Lh/d;"}
    byte[] mTranscodedProfile -> h
    1:4:void <init>(android.content.res.AssetManager,java.util.concurrent.Executor,androidx.profileinstaller.ProfileInstaller$DiagnosticsCallback,java.lang.String,java.lang.String,java.lang.String,java.io.File):102:102 -> <init>
      # {"id":"com.android.tools.r8.residualsignature","signature":"(Landroid/content/res/AssetManager;Ljava/util/concurrent/Executor;Lh/h;Ljava/lang/String;Ljava/io/File;)V"}
    5:6:void <init>(android.content.res.AssetManager,java.util.concurrent.Executor,androidx.profileinstaller.ProfileInstaller$DiagnosticsCallback,java.lang.String,java.lang.String,java.lang.String,java.io.File):80:80 -> <init>