android/app/build/outputs/mapping/release/usage.txt
com.example.course.R$drawable
com.example.course.R$mipmap
com.example.course.R$style
com.example.course.R
...
com.google.common.util.concurrent.SimpleTimeLimiter$1
com.google.common.util.concurrent.SimpleTimeLimiter
com.google.common.util.concurrent.SmoothRateLimiter$1
com.google.common.util.concurrent.SmoothRateLimiter$SmoothBursty
com.google.common.util.concurrent.SmoothRateLimiter$SmoothWarmingUp
com.google.common.util.concurrent.SmoothRateLimiter
com.google.common.util.concurrent.Striped$1
com.google.common.util.concurrent.Striped$CompactStriped
com.google.common.util.concurrent.Striped$LargeLazyStriped
com.google.common.util.concurrent.Striped$PaddedLock
com.google.common.util.concurrent.Striped$PaddedSemaphore
com.google.common.util.concurrent.Striped$PowerOfTwoStriped
com.google.common.util.concurrent.Striped$SmallLazyStriped$ArrayReference
com.google.common.util.concurrent.Striped$SmallLazyStriped
com.google.common.util.concurrent.Striped$WeakSafeCondition
com.google.common.util.concurrent.Striped$WeakSafeLock
com.google.common.util.concurrent.Striped$WeakSafeReadWriteLock
com.google.common.util.concurrent.Striped
com.google.common.util.concurrent.ThreadFactoryBuilder$1
com.google.common.util.concurrent.ThreadFactoryBuilder
com.google.common.util.concurrent.TimeLimiter
com.google.common.util.concurrent.TimeoutFuture$1
com.google.common.util.concurrent.TimeoutFuture$Fire
com.google.common.util.concurrent.TimeoutFuture$TimeoutFutureException
com.google.common.util.concurrent.TimeoutFuture
com.google.common.util.concurrent.TrustedListenableFutureTask$TrustedFutureInterruptibleAsyncTask
com.google.common.util.concurrent.TrustedListenableFutureTask$TrustedFutureInterruptibleTask
com.google.common.util.concurrent.TrustedListenableFutureTask
com.google.common.util.concurrent.UncaughtExceptionHandlers$Exiter
com.google.common.util.concurrent.UncaughtExceptionHandlers
com.google.common.util.concurrent.UncheckedExecutionException
com.google.common.util.concurrent.UncheckedTimeoutException
com.google.common.util.concurrent.Uninterruptibles
com.google.common.util.concurrent.WrappingExecutorService
com.google.common.util.concurrent.WrappingScheduledExecutorService
com.google.common.util.concurrent.internal.InternalFutureFailureAccess
com.google.common.util.concurrent.internal.InternalFutures
com.google.common.util.concurrent.package-info
com.google.common.xml.ElementTypesAreNonnullByDefault
com.google.common.xml.ParametricNullness
com.google.common.xml.XmlEscapers
com.google.common.xml.package-info
com.google.thirdparty.publicsuffix.PublicSuffixPatterns
com.google.thirdparty.publicsuffix.PublicSuffixType
com.google.thirdparty.publicsuffix.TrieParser
com.mr.flutter.plugin.filepicker.FileInfo$Builder
com.mr.flutter.plugin.filepicker.FileInfo
com.mr.flutter.plugin.filepicker.FilePickerDelegate$1
com.mr.flutter.plugin.filepicker.FilePickerDelegate$2
com.mr.flutter.plugin.filepicker.FilePickerDelegate
com.mr.flutter.plugin.filepicker.FilePickerPlugin$1
com.mr.flutter.plugin.filepicker.FilePickerPlugin$LifeCycleObserver
com.mr.flutter.plugin.filepicker.FilePickerPlugin$MethodResultWrapper$1
com.mr.flutter.plugin.filepicker.FilePickerPlugin$MethodResultWrapper$2
com.mr.flutter.plugin.filepicker.FilePickerPlugin$MethodResultWrapper$3
com.mr.flutter.plugin.filepicker.FilePickerPlugin$MethodResultWrapper